os.args=["smartraiden" "--datadir=.smartraiden" "--api-address=127.0.0.1:6006" "--listen-address=127.0.0.1:60060" "--address=0xb02116A9D525dEbfa0D871418bD4954Bc77E2164" "--keystore-path=../../../testdata/casemanager-keystore" "--registry-contract-address=0x2eec918d4269C833b2296d4653CD721d6Ba6cbF9" "--password-file=../../../testdata/casemanager-keystore/pass" "--eth-rpc-endpoint=ws://182.254.155.208:30306" "--verbosity=5" "--debug"]

INFO [07-02|19:44:07.723|cmd/smartraiden/mainimpl/impl.go:145] Welcom to smartraiden,version 0.3

 

INFO [07-02|19:44:07.723|cmd/smartraiden/mainimpl/impl.go:146] os.args=["smartraiden" "--datadir=.smartraiden" "--api-address=127.0.0.1:6006" "--listen-address=127.0.0.1:60060" "--address=0xb02116A9D525dEbfa0D871418bD4954Bc77E2164" "--keystore-path=../../../testdata/casemanager-keystore" "--registry-contract-address=0x2eec918d4269C833b2296d4653CD721d6Ba6cbF9" "--password-file=../../../testdata/casemanager-keystore/pass" "--eth-rpc-endpoint=ws://182.254.155.208:30306" "--verbosity=5" "--debug"] 

TRACE[07-02|19:44:07.724|cmd/smartraiden/mainimpl/impl.go:281] password is 123 

TRACE[07-02|19:44:08.608|models/db.go:86]                      dbpath=.smartraiden/b02116a9/log.db 

2018/07/02 19:44:08 [impl.go:158] [I] ethclient connection status changed from 0 to 1

TRACE[07-02|19:44:08.694|network/xmpptransport/xmpp.go:137]    b021 new xmpp user 0xb02116A9D525dEbfa0D871418bD4954Bc77E2164 password 9d2eac4334aac720d13c32f0916046e3b63f0fdbe0d55c3801fd257279968aa3165e96960b0529b0c4779d9a739cc040b245fb144b909d44730bd1f868de1bc000 

INFO [07-02|19:44:11.202|network/xmpptransport/xmpp.go:251]    changeStatus from 0 to 1 

INFO [07-02|19:44:11.203|raidenService.go:190]                 create raiden service registry=0x2eec918d4269C833b2296d4653CD721d6Ba6cbF9,node=0xb02116A9D525dEbfa0D871418bD4954Bc77E2164 

DEBUG[07-02|19:44:11.241|blockchain/alarmtask.go:74]           starting block number blocknubmer=2644815 

WARN [07-02|19:44:11.342|blockchain/alarmtask.go:114]          alarm missed 0 blocks 

TRACE[07-02|19:44:11.561|network/xmpptransport/xmpp.go:235]    node status change 0xb02116a9d525debfa0d871418bd4954bc77e2164@mobileraiden, deviceType=other,isonline=true 

                   9725: 0     2b0c: 1     aaaa: 2     d941: 3     b021: 4

       9725: 0           0           1           0           0           0

       2b0c: 1           1           0           1           1           0

       aaaa: 2           0           1           0           1           1

       d941: 3           0           1           1           0           0

       b021: 4           0           0           1           0           0

INFO [07-02|19:44:12.688|snapshot.go:26]                       restoreSnapshot... 

INFO [07-02|19:44:12.688|snapshot.go:65]                       restore channel... 

INFO [07-02|19:44:12.688|snapshot.go:71]                       new channel created when shutdown 0xBAC7a664BbCA7799b9Ea82Ca3D41d8399420c6EB  

TRACE[07-02|19:44:12.688|models/channels.go:19]                new channel 0xBAC7a664BbCA7799b9Ea82Ca3D41d8399420c6EB 

TRACE[07-02|19:44:12.689|snapshot.go:217]                      restoreToken2Hash2Channels... 

INFO [07-02|19:44:12.689|snapshot.go:120]                      restore statemanager ,last close correct=false 

TRACE[07-02|19:44:12.689|snapshot.go:205]                      restoreRevealSecret...  

TRACE[07-02|19:44:12.689|models/revealsecret.go:129]           GetAllUncompleteSentRevealSecret=([]*models.SentRevealSecret) <nil>

 

TRACE[07-02|19:44:12.689|models/channels.go:31]                save channel 0xBAC7a664BbCA7799b9Ea82Ca3D41d8399420c6EB 

INFO [07-02|19:44:12.691|network/transport.go:166]             udp server listening on 127.0.0.1:60060 

INFO [07-02|19:44:12.691|network/transport.go:168]              listen udp on 127.0.0.1:60060           name=b021

TRACE[07-02|19:44:12.692|network/xmpptransport/xmpp.go:442]    b021 send msg 0xb02116a9d525debfa0d871418bd4954bc77e2164@mobileraiden:0xaaaa7f676a677c0b3c8e4bb14aec7be61365acfe@mobileraiden GWEKBM46G6 

TRACE[07-02|19:44:13.046|network/xmpptransport/xmpp.go:219]    b021 GWEKBM46G6 received response 

TRACE[07-02|19:44:13.046|network/xmpptransport/xmpp.go:235]    node status change 0xaaaa7f676a677c0b3c8e4bb14aec7be61365acfe@mobileraiden, deviceType=other,isonline=true 

02/Jul/2018:19:44:13 +0800 [0;32m200[0m [36;1m118μs[0m "GET /api/1/address HTTP/1.1" [1;30m- "Go-http-client/1.1"[0m

TRACE[07-02|19:44:20.1|blockchain/alarmtask.go:118]          new block :2644820 

TRACE[07-02|19:44:31.206|network/xmpptransport/xmpp.go:157]    send keep alive.... 

TRACE[07-02|19:44:40.026|blockchain/alarmtask.go:118]          new block :2644830 

TRACE[07-02|19:44:51.21|network/xmpptransport/xmpp.go:157]    send keep alive.... 

TRACE[07-02|19:45:00.018|blockchain/alarmtask.go:118]          new block :2644840 

TRACE[07-02|19:45:11.213|network/xmpptransport/xmpp.go:157]    send keep alive.... 

TRACE[07-02|19:45:20.01|blockchain/alarmtask.go:118]          new block :2644850 

TRACE[07-02|19:45:31.216|network/xmpptransport/xmpp.go:157]    send keep alive.... 

TRACE[07-02|19:45:40.004|blockchain/alarmtask.go:118]          new block :2644860 

TRACE[07-02|19:45:51.219|network/xmpptransport/xmpp.go:157]    send keep alive.... 

TRACE[07-02|19:46:00.004|blockchain/alarmtask.go:118]          new block :2644870 

TRACE[07-02|19:46:11.223|network/xmpptransport/xmpp.go:157]    send keep alive.... 

TRACE[07-02|19:46:20.01|blockchain/alarmtask.go:118]          new block :2644880 

TRACE[07-02|19:46:31.227|network/xmpptransport/xmpp.go:157]    send keep alive.... 

TRACE[07-02|19:46:40.016|blockchain/alarmtask.go:118]          new block :2644890 

TRACE[07-02|19:46:51.229|network/xmpptransport/xmpp.go:157]    send keep alive.... 

TRACE[07-02|19:47:00.014|blockchain/alarmtask.go:118]          new block :2644900 

02/Jul/2018:19:47:00 +0800 [0;32m200[0m [36;1m366μs[0m "GET /api/1/channels HTTP/1.1" [1;30m- "Go-http-client/1.1"[0m

